<?xml version="1.0" encoding="UTF-8"?>
<!-- Generated by org.testng.reporters.JUnitReportReporter -->
<testsuite skipped="0" hostname="Rohit-PC" name="com.qa.test.GetAPI" tests="1" failures="0" timestamp="30 Sep 2018 15:02:59 GMT" time="2.669" errors="0">
  <testcase name="getAPITest" time="2.669" classname="com.qa.test.GetAPI"/>
</testsuite> <!-- com.qa.test.GetAPI -->
